2025-10-01T10:44:04+08:00 | enter | u=uknim | action=save | work_ID= | hasTitle=0 | hasContent=0
2025-10-01T10:44:04+08:00 | foundToday=none
2025-10-01T10:44:20+08:00 | enter | u=uknim | action=save | work_ID= | hasTitle=0 | hasContent=0
2025-10-01T10:44:20+08:00 | foundToday=#1 st=1
2025-10-01T11:01:55+08:00 | enter | u=uknim | action=save | work_ID= | hasTitle=0 | hasContent=0
2025-10-01T11:01:55+08:00 | foundToday=#1 st=1
2025-10-01T11:02:59+08:00 | enter | u=uknim | action=submit | work_ID= | hasTitle=1 | hasContent=1
2025-10-01T11:02:59+08:00 | foundToday=#1 st=1
2025-10-01T11:03:05+08:00 | enter | u=uknim | action=save | work_ID= | hasTitle=0 | hasContent=0
2025-10-01T11:03:05+08:00 | foundToday=#1 st=3
2025-10-01T11:03:07+08:00 | enter | u=uknim | action=save | work_ID= | hasTitle=0 | hasContent=0
2025-10-01T11:03:07+08:00 | foundToday=#1 st=3
2025-10-01T11:03:17+08:00 | enter | u=uknim | action=save | work_ID= | hasTitle=1 | hasContent=1
2025-10-01T11:03:17+08:00 | foundToday=#1 st=3
2025-10-01T11:06:50+08:00 | enter | u=uknim | action=save | work_ID= | hasTitle=0 | hasContent=0
2025-10-01T11:06:50+08:00 | foundToday=#1 st=3
2025-10-01T11:07:09+08:00 | enter | u=uknim | action=submit | work_ID= | hasTitle=1 | hasContent=1
2025-10-01T11:07:09+08:00 | foundToday=#1 st=3
2025-10-01T11:08:17+08:00 | enter | u=uknim | action=submit | work_ID= | hasTitle=1 | hasContent=1
2025-10-01T11:08:17+08:00 | foundToday=#1 st=3
2025-10-01T11:08:53+08:00 | enter | u=uknim | action=save | work_ID= | hasTitle=0 | hasContent=0
2025-10-01T11:08:53+08:00 | foundToday=#1 st=3
2025-10-01T11:08:56+08:00 | enter | u=uknim | action=save | work_ID= | hasTitle=0 | hasContent=0
2025-10-01T11:08:56+08:00 | foundToday=#1 st=3
2025-10-01T11:09:32+08:00 | enter | u=uknim | action=save | work_ID= | hasTitle=0 | hasContent=0
2025-10-01T11:09:32+08:00 | foundToday=#1 st=3
2025-10-01T11:09:36+08:00 | enter | u=uknim | action=save | work_ID= | hasTitle=0 | hasContent=0
2025-10-01T11:09:36+08:00 | foundToday=#1 st=3
2025-10-01T14:39:37+08:00 | enter | u=uknim | action=save | work_ID= | hasTitle=0 | hasContent=0
2025-10-01T14:39:37+08:00 | foundToday=#1 st=3
2025-10-01T14:39:39+08:00 | enter | u=uknim | action=save | work_ID= | hasTitle=0 | hasContent=0
2025-10-01T14:39:39+08:00 | foundToday=#1 st=3
2025-10-01T14:39:40+08:00 | enter | u=uknim | action=save | work_ID= | hasTitle=0 | hasContent=0
2025-10-01T14:39:40+08:00 | foundToday=#1 st=3
2025-10-01T14:39:46+08:00 | enter | u=uknim | action=submit | work_ID= | hasTitle=1 | hasContent=1
2025-10-01T14:39:46+08:00 | foundToday=#1 st=3
2025-10-01T14:42:52+08:00 | enter | u=uknim | action=save | work_ID= | hasTitle=0 | hasContent=0
2025-10-01T14:42:52+08:00 | foundToday=#1 st=3
2025-10-01T14:42:52+08:00 | enter | u=uknim | action=save | work_ID= | hasTitle=0 | hasContent=0
2025-10-01T14:42:52+08:00 | foundToday=#1 st=3
2025-10-01T14:42:52+08:00 | enter | u=uknim | action=save | work_ID= | hasTitle=0 | hasContent=0
2025-10-01T14:42:52+08:00 | foundToday=#1 st=3
2025-10-01T14:42:52+08:00 | enter | u=uknim | action=save | work_ID= | hasTitle=0 | hasContent=0
2025-10-01T14:42:52+08:00 | foundToday=#1 st=3
2025-10-01T14:42:52+08:00 | enter | u=uknim | action=save | work_ID= | hasTitle=0 | hasContent=0
2025-10-01T14:42:52+08:00 | foundToday=#1 st=3
2025-10-01T14:42:52+08:00 | enter | u=uknim | action=save | work_ID= | hasTitle=0 | hasContent=0
2025-10-01T14:42:52+08:00 | foundToday=#1 st=3
2025-10-01T14:42:53+08:00 | enter | u=uknim | action=save | work_ID= | hasTitle=0 | hasContent=0
2025-10-01T14:42:53+08:00 | foundToday=#1 st=3
2025-10-01T14:42:53+08:00 | enter | u=uknim | action=save | work_ID= | hasTitle=0 | hasContent=0
2025-10-01T14:42:53+08:00 | foundToday=#1 st=3
2025-10-01T14:42:53+08:00 | enter | u=uknim | action=save | work_ID= | hasTitle=0 | hasContent=0
2025-10-01T14:42:53+08:00 | foundToday=#1 st=3
2025-10-01T14:42:53+08:00 | enter | u=uknim | action=save | work_ID= | hasTitle=0 | hasContent=0
2025-10-01T14:42:53+08:00 | foundToday=#1 st=3
2025-10-01T14:42:53+08:00 | enter | u=uknim | action=save | work_ID= | hasTitle=0 | hasContent=0
2025-10-01T14:42:53+08:00 | foundToday=#1 st=3
2025-10-01T14:42:53+08:00 | enter | u=uknim | action=save | work_ID= | hasTitle=0 | hasContent=0
2025-10-01T14:42:53+08:00 | foundToday=#1 st=3
2025-10-01T14:42:53+08:00 | enter | u=uknim | action=save | work_ID= | hasTitle=0 | hasContent=0
2025-10-01T14:42:53+08:00 | foundToday=#1 st=3
2025-10-01T14:42:53+08:00 | enter | u=uknim | action=save | work_ID= | hasTitle=0 | hasContent=0
2025-10-01T14:42:53+08:00 | foundToday=#1 st=3
2025-10-01T14:42:53+08:00 | enter | u=uknim | action=save | work_ID= | hasTitle=0 | hasContent=0
2025-10-01T14:42:53+08:00 | foundToday=#1 st=3
2025-10-01T14:42:53+08:00 | enter | u=uknim | action=save | work_ID= | hasTitle=0 | hasContent=0
2025-10-01T14:42:53+08:00 | foundToday=#1 st=3
2025-10-01T14:42:53+08:00 | enter | u=uknim | action=save | work_ID= | hasTitle=0 | hasContent=0
2025-10-01T14:42:53+08:00 | foundToday=#1 st=3
2025-10-01T14:42:53+08:00 | enter | u=uknim | action=save | work_ID= | hasTitle=0 | hasContent=0
2025-10-01T14:42:53+08:00 | foundToday=#1 st=3
2025-10-01T14:42:53+08:00 | enter | u=uknim | action=save | work_ID= | hasTitle=0 | hasContent=0
2025-10-01T14:42:53+08:00 | foundToday=#1 st=3
2025-10-01T14:42:53+08:00 | enter | u=uknim | action=save | work_ID= | hasTitle=0 | hasContent=0
2025-10-01T14:42:53+08:00 | foundToday=#1 st=3
2025-10-01T14:42:53+08:00 | enter | u=uknim | action=save | work_ID= | hasTitle=0 | hasContent=0
2025-10-01T14:42:53+08:00 | foundToday=#1 st=3
2025-10-01T14:42:58+08:00 | enter | u=uknim | action=submit | work_ID= | hasTitle=1 | hasContent=1
2025-10-01T14:42:58+08:00 | foundToday=#1 st=3
2025-10-01T14:42:58+08:00 | enter | u=uknim | action=save | work_ID= | hasTitle=0 | hasContent=0
2025-10-01T14:42:58+08:00 | foundToday=#1 st=3
2025-10-01T14:42:58+08:00 | enter | u=uknim | action=save | work_ID= | hasTitle=0 | hasContent=0
2025-10-01T14:42:58+08:00 | foundToday=#1 st=3
2025-10-01T14:42:58+08:00 | enter | u=uknim | action=save | work_ID= | hasTitle=0 | hasContent=0
2025-10-01T14:42:58+08:00 | foundToday=#1 st=3
2025-10-01T14:42:58+08:00 | enter | u=uknim | action=save | work_ID= | hasTitle=0 | hasContent=0
2025-10-01T14:42:58+08:00 | foundToday=#1 st=3
2025-10-01T14:42:58+08:00 | enter | u=uknim | action=save | work_ID= | hasTitle=0 | hasContent=0
2025-10-01T14:42:58+08:00 | foundToday=#1 st=3
2025-10-01T14:42:58+08:00 | enter | u=uknim | action=save | work_ID= | hasTitle=0 | hasContent=0
2025-10-01T14:42:58+08:00 | foundToday=#1 st=3
2025-10-01T14:42:58+08:00 | enter | u=uknim | action=save | work_ID= | hasTitle=0 | hasContent=0
2025-10-01T14:42:58+08:00 | foundToday=#1 st=3
2025-10-01T14:42:58+08:00 | enter | u=uknim | action=save | work_ID= | hasTitle=0 | hasContent=0
2025-10-01T14:42:58+08:00 | foundToday=#1 st=3
2025-10-01T14:42:58+08:00 | enter | u=uknim | action=save | work_ID= | hasTitle=0 | hasContent=0
2025-10-01T14:42:58+08:00 | foundToday=#1 st=3
2025-10-01T14:42:58+08:00 | enter | u=uknim | action=save | work_ID= | hasTitle=0 | hasContent=0
2025-10-01T14:42:58+08:00 | foundToday=#1 st=3
2025-10-01T14:42:58+08:00 | enter | u=uknim | action=save | work_ID= | hasTitle=0 | hasContent=0
2025-10-01T14:42:58+08:00 | foundToday=#1 st=3
2025-10-01T14:42:58+08:00 | enter | u=uknim | action=save | work_ID= | hasTitle=0 | hasContent=0
2025-10-01T14:42:58+08:00 | foundToday=#1 st=3
2025-10-01T14:42:58+08:00 | enter | u=uknim | action=save | work_ID= | hasTitle=0 | hasContent=0
2025-10-01T14:42:58+08:00 | foundToday=#1 st=3
2025-10-01T14:42:58+08:00 | enter | u=uknim | action=save | work_ID= | hasTitle=0 | hasContent=0
2025-10-01T14:42:58+08:00 | foundToday=#1 st=3
2025-10-01T14:42:58+08:00 | enter | u=uknim | action=save | work_ID= | hasTitle=0 | hasContent=0
2025-10-01T14:42:58+08:00 | foundToday=#1 st=3
2025-10-01T14:42:58+08:00 | enter | u=uknim | action=save | work_ID= | hasTitle=0 | hasContent=0
2025-10-01T14:42:58+08:00 | foundToday=#1 st=3
2025-10-01T14:42:58+08:00 | enter | u=uknim | action=save | work_ID= | hasTitle=0 | hasContent=0
2025-10-01T14:42:58+08:00 | foundToday=#1 st=3
2025-10-01T14:42:58+08:00 | enter | u=uknim | action=save | work_ID= | hasTitle=0 | hasContent=0
2025-10-01T14:42:58+08:00 | foundToday=#1 st=3
2025-10-01T14:42:58+08:00 | enter | u=uknim | action=save | work_ID= | hasTitle=0 | hasContent=0
2025-10-01T14:42:58+08:00 | foundToday=#1 st=3
2025-10-01T14:42:59+08:00 | enter | u=uknim | action=save | work_ID= | hasTitle=0 | hasContent=0
2025-10-01T14:42:59+08:00 | foundToday=#1 st=3
2025-10-01T14:42:59+08:00 | enter | u=uknim | action=save | work_ID= | hasTitle=0 | hasContent=0
2025-10-01T14:42:59+08:00 | foundToday=#1 st=3
2025-10-01T14:42:59+08:00 | enter | u=uknim | action=save | work_ID= | hasTitle=0 | hasContent=0
2025-10-01T14:42:59+08:00 | foundToday=#1 st=3
2025-10-01T14:42:59+08:00 | enter | u=uknim | action=save | work_ID= | hasTitle=0 | hasContent=0
2025-10-01T14:42:59+08:00 | foundToday=#1 st=3
2025-10-01T14:42:59+08:00 | enter | u=uknim | action=save | work_ID= | hasTitle=0 | hasContent=0
2025-10-01T14:42:59+08:00 | foundToday=#1 st=3
2025-10-01T14:42:59+08:00 | enter | u=uknim | action=save | work_ID= | hasTitle=0 | hasContent=0
2025-10-01T14:42:59+08:00 | foundToday=#1 st=3
2025-10-01T14:42:59+08:00 | enter | u=uknim | action=save | work_ID= | hasTitle=0 | hasContent=0
2025-10-01T14:42:59+08:00 | foundToday=#1 st=3
2025-10-01T14:42:59+08:00 | enter | u=uknim | action=save | work_ID= | hasTitle=0 | hasContent=0
2025-10-01T14:42:59+08:00 | foundToday=#1 st=3
2025-10-01T14:42:59+08:00 | enter | u=uknim | action=save | work_ID= | hasTitle=0 | hasContent=0
2025-10-01T14:42:59+08:00 | foundToday=#1 st=3
2025-10-01T14:42:59+08:00 | enter | u=uknim | action=save | work_ID= | hasTitle=0 | hasContent=0
2025-10-01T14:42:59+08:00 | foundToday=#1 st=3
2025-10-01T14:42:59+08:00 | enter | u=uknim | action=save | work_ID= | hasTitle=0 | hasContent=0
2025-10-01T14:42:59+08:00 | foundToday=#1 st=3
2025-10-01T14:42:59+08:00 | enter | u=uknim | action=save | work_ID= | hasTitle=0 | hasContent=0
2025-10-01T14:42:59+08:00 | foundToday=#1 st=3
2025-10-01T14:42:59+08:00 | enter | u=uknim | action=save | work_ID= | hasTitle=0 | hasContent=0
2025-10-01T14:42:59+08:00 | foundToday=#1 st=3
2025-10-01T14:42:59+08:00 | enter | u=uknim | action=save | work_ID= | hasTitle=0 | hasContent=0
2025-10-01T14:42:59+08:00 | foundToday=#1 st=3
2025-10-01T14:42:59+08:00 | enter | u=uknim | action=save | work_ID= | hasTitle=0 | hasContent=0
2025-10-01T14:42:59+08:00 | foundToday=#1 st=3
2025-10-01T14:43:00+08:00 | enter | u=uknim | action=save | work_ID= | hasTitle=0 | hasContent=0
2025-10-01T14:43:00+08:00 | foundToday=#1 st=3
2025-10-01T14:43:00+08:00 | enter | u=uknim | action=save | work_ID= | hasTitle=0 | hasContent=0
2025-10-01T14:43:00+08:00 | foundToday=#1 st=3
2025-10-01T14:43:00+08:00 | enter | u=uknim | action=save | work_ID= | hasTitle=0 | hasContent=0
2025-10-01T14:43:00+08:00 | foundToday=#1 st=3
2025-10-01T14:43:00+08:00 | enter | u=uknim | action=save | work_ID= | hasTitle=0 | hasContent=0
2025-10-01T14:43:00+08:00 | foundToday=#1 st=3
2025-10-01T14:43:00+08:00 | enter | u=uknim | action=save | work_ID= | hasTitle=0 | hasContent=0
2025-10-01T14:43:00+08:00 | foundToday=#1 st=3
2025-10-01T14:43:05+08:00 | enter | u=uknim | action=save | work_ID= | hasTitle=0 | hasContent=0
2025-10-01T14:43:05+08:00 | foundToday=#1 st=3
2025-10-01T14:43:05+08:00 | enter | u=uknim | action=save | work_ID= | hasTitle=0 | hasContent=0
2025-10-01T14:43:05+08:00 | foundToday=#1 st=3
2025-10-01T14:43:05+08:00 | enter | u=uknim | action=save | work_ID= | hasTitle=0 | hasContent=0
2025-10-01T14:43:05+08:00 | foundToday=#1 st=3
2025-10-01T14:43:05+08:00 | enter | u=uknim | action=save | work_ID= | hasTitle=0 | hasContent=0
2025-10-01T14:43:05+08:00 | foundToday=#1 st=3
2025-10-01T14:43:05+08:00 | enter | u=uknim | action=save | work_ID= | hasTitle=0 | hasContent=0
2025-10-01T14:43:05+08:00 | foundToday=#1 st=3
2025-10-01T14:43:05+08:00 | enter | u=uknim | action=save | work_ID= | hasTitle=0 | hasContent=0
2025-10-01T14:43:05+08:00 | foundToday=#1 st=3
2025-10-01T14:43:05+08:00 | enter | u=uknim | action=save | work_ID= | hasTitle=0 | hasContent=0
2025-10-01T14:43:05+08:00 | foundToday=#1 st=3
2025-10-01T14:43:05+08:00 | enter | u=uknim | action=save | work_ID= | hasTitle=0 | hasContent=0
2025-10-01T14:43:05+08:00 | foundToday=#1 st=3
2025-10-01T14:43:05+08:00 | enter | u=uknim | action=save | work_ID= | hasTitle=0 | hasContent=0
2025-10-01T14:43:05+08:00 | foundToday=#1 st=3
2025-10-01T14:43:05+08:00 | enter | u=uknim | action=save | work_ID= | hasTitle=0 | hasContent=0
2025-10-01T14:43:05+08:00 | foundToday=#1 st=3
2025-10-01T14:43:05+08:00 | enter | u=uknim | action=save | work_ID= | hasTitle=0 | hasContent=0
2025-10-01T14:43:05+08:00 | foundToday=#1 st=3
2025-10-01T14:43:05+08:00 | enter | u=uknim | action=save | work_ID= | hasTitle=0 | hasContent=0
2025-10-01T14:43:05+08:00 | foundToday=#1 st=3
2025-10-01T14:43:05+08:00 | enter | u=uknim | action=save | work_ID= | hasTitle=0 | hasContent=0
2025-10-01T14:43:05+08:00 | foundToday=#1 st=3
2025-10-01T14:43:05+08:00 | enter | u=uknim | action=save | work_ID= | hasTitle=0 | hasContent=0
2025-10-01T14:43:05+08:00 | foundToday=#1 st=3
2025-10-01T14:43:05+08:00 | enter | u=uknim | action=save | work_ID= | hasTitle=0 | hasContent=0
2025-10-01T14:43:05+08:00 | foundToday=#1 st=3
2025-10-01T14:43:05+08:00 | enter | u=uknim | action=save | work_ID= | hasTitle=0 | hasContent=0
2025-10-01T14:43:05+08:00 | foundToday=#1 st=3
2025-10-01T14:43:05+08:00 | enter | u=uknim | action=save | work_ID= | hasTitle=0 | hasContent=0
2025-10-01T14:43:05+08:00 | foundToday=#1 st=3
2025-10-01T14:43:05+08:00 | enter | u=uknim | action=save | work_ID= | hasTitle=0 | hasContent=0
2025-10-01T14:43:05+08:00 | foundToday=#1 st=3
2025-10-01T14:43:05+08:00 | enter | u=uknim | action=save | work_ID= | hasTitle=0 | hasContent=0
2025-10-01T14:43:05+08:00 | foundToday=#1 st=3
2025-10-01T14:43:05+08:00 | enter | u=uknim | action=save | work_ID= | hasTitle=0 | hasContent=0
2025-10-01T14:43:05+08:00 | foundToday=#1 st=3
2025-10-01T14:43:35+08:00 | enter | u=uknim | action=save | work_ID= | hasTitle=0 | hasContent=0
2025-10-01T14:43:35+08:00 | foundToday=#1 st=3
2025-10-01T14:51:11+08:00 | enter | u=uknim | action=save | work_ID= | hasTitle=0 | hasContent=0
2025-10-01T14:51:11+08:00 | foundToday=#1 st=3
2025-10-01T14:51:11+08:00 | enter | u=uknim | action=save | work_ID= | hasTitle=0 | hasContent=0
2025-10-01T14:51:11+08:00 | foundToday=#1 st=3
2025-10-01T15:51:37+08:00 | enter | u=uknim | action=save | work_ID= | hasTitle=0 | hasContent=0
2025-10-01T15:51:37+08:00 | foundToday=#1 st=3
2025-10-01T15:51:40+08:00 | enter | u=uknim | action=save | work_ID= | hasTitle=0 | hasContent=0
2025-10-01T15:51:40+08:00 | foundToday=#1 st=3
2025-10-01T15:51:40+08:00 | enter | u=uknim | action=save | work_ID= | hasTitle=0 | hasContent=0
2025-10-01T15:51:40+08:00 | foundToday=#1 st=3
2025-10-01T15:51:45+08:00 | enter | u=uknim | action=save | work_ID= | hasTitle=0 | hasContent=0
2025-10-01T15:51:45+08:00 | foundToday=#1 st=3
2025-10-01T15:51:45+08:00 | enter | u=uknim | action=save | work_ID= | hasTitle=0 | hasContent=0
2025-10-01T15:51:45+08:00 | foundToday=#1 st=3
2025-10-01T15:51:45+08:00 | enter | u=uknim | action=save | work_ID= | hasTitle=0 | hasContent=0
2025-10-01T15:51:45+08:00 | foundToday=#1 st=3
2025-10-01T15:51:45+08:00 | enter | u=uknim | action=save | work_ID= | hasTitle=0 | hasContent=0
2025-10-01T15:51:45+08:00 | foundToday=#1 st=3
2025-10-01T15:51:53+08:00 | enter | u=uknim | action=save | work_ID= | hasTitle=0 | hasContent=0
2025-10-01T15:51:53+08:00 | foundToday=#1 st=3
2025-10-01T15:51:53+08:00 | enter | u=uknim | action=save | work_ID= | hasTitle=0 | hasContent=0
2025-10-01T15:51:53+08:00 | foundToday=#1 st=3
2025-10-01T15:51:53+08:00 | enter | u=uknim | action=save | work_ID= | hasTitle=0 | hasContent=0
2025-10-01T15:51:53+08:00 | foundToday=#1 st=3
2025-10-01T15:51:53+08:00 | enter | u=uknim | action=save | work_ID= | hasTitle=0 | hasContent=0
2025-10-01T15:51:53+08:00 | foundToday=#1 st=3
2025-10-01T15:51:53+08:00 | enter | u=uknim | action=save | work_ID= | hasTitle=0 | hasContent=0
2025-10-01T15:51:53+08:00 | foundToday=#1 st=3
2025-10-01T15:51:53+08:00 | enter | u=uknim | action=save | work_ID= | hasTitle=0 | hasContent=0
2025-10-01T15:51:53+08:00 | foundToday=#1 st=3
2025-10-01T15:51:53+08:00 | enter | u=uknim | action=save | work_ID= | hasTitle=0 | hasContent=0
2025-10-01T15:51:53+08:00 | foundToday=#1 st=3
2025-10-01T15:51:53+08:00 | enter | u=uknim | action=save | work_ID= | hasTitle=0 | hasContent=0
2025-10-01T15:51:53+08:00 | foundToday=#1 st=3
2025-10-01T15:51:55+08:00 | enter | u=uknim | action=save | work_ID= | hasTitle=0 | hasContent=0
2025-10-01T15:51:55+08:00 | foundToday=#1 st=3
2025-10-01T15:51:55+08:00 | enter | u=uknim | action=save | work_ID= | hasTitle=0 | hasContent=0
2025-10-01T15:51:55+08:00 | foundToday=#1 st=3
2025-10-01T15:51:55+08:00 | enter | u=uknim | action=save | work_ID= | hasTitle=0 | hasContent=0
2025-10-01T15:51:55+08:00 | foundToday=#1 st=3
2025-10-01T15:51:55+08:00 | enter | u=uknim | action=save | work_ID= | hasTitle=0 | hasContent=0
2025-10-01T15:51:55+08:00 | foundToday=#1 st=3
2025-10-01T15:51:55+08:00 | enter | u=uknim | action=save | work_ID= | hasTitle=0 | hasContent=0
2025-10-01T15:51:55+08:00 | foundToday=#1 st=3
2025-10-01T15:51:55+08:00 | enter | u=uknim | action=save | work_ID= | hasTitle=0 | hasContent=0
2025-10-01T15:51:55+08:00 | foundToday=#1 st=3
2025-10-01T15:51:55+08:00 | enter | u=uknim | action=save | work_ID= | hasTitle=0 | hasContent=0
2025-10-01T15:51:55+08:00 | foundToday=#1 st=3
2025-10-01T15:51:55+08:00 | enter | u=uknim | action=save | work_ID= | hasTitle=0 | hasContent=0
2025-10-01T15:51:55+08:00 | foundToday=#1 st=3
2025-10-01T15:51:55+08:00 | enter | u=uknim | action=save | work_ID= | hasTitle=0 | hasContent=0
2025-10-01T15:51:55+08:00 | foundToday=#1 st=3
2025-10-01T15:51:55+08:00 | enter | u=uknim | action=save | work_ID= | hasTitle=0 | hasContent=0
2025-10-01T15:51:55+08:00 | foundToday=#1 st=3
2025-10-01T15:51:55+08:00 | enter | u=uknim | action=save | work_ID= | hasTitle=0 | hasContent=0
2025-10-01T15:51:55+08:00 | foundToday=#1 st=3
2025-10-01T15:51:55+08:00 | enter | u=uknim | action=save | work_ID= | hasTitle=0 | hasContent=0
2025-10-01T15:51:55+08:00 | foundToday=#1 st=3
2025-10-01T15:51:55+08:00 | enter | u=uknim | action=save | work_ID= | hasTitle=0 | hasContent=0
2025-10-01T15:51:55+08:00 | foundToday=#1 st=3
2025-10-01T15:51:55+08:00 | enter | u=uknim | action=save | work_ID= | hasTitle=0 | hasContent=0
2025-10-01T15:51:55+08:00 | foundToday=#1 st=3
2025-10-01T15:51:55+08:00 | enter | u=uknim | action=save | work_ID= | hasTitle=0 | hasContent=0
2025-10-01T15:51:55+08:00 | foundToday=#1 st=3
2025-10-01T15:51:55+08:00 | enter | u=uknim | action=save | work_ID= | hasTitle=0 | hasContent=0
2025-10-01T15:51:55+08:00 | foundToday=#1 st=3
2025-10-01T15:57:36+08:00 | enter | u=uknim | action=save | work_ID= | hasTitle=0 | hasContent=0
2025-10-01T15:57:36+08:00 | foundToday=#1 st=3
2025-10-01T15:57:37+08:00 | enter | u=uknim | action=save | work_ID= | hasTitle=0 | hasContent=0
2025-10-01T15:57:37+08:00 | foundToday=#1 st=3
2025-10-01T15:57:37+08:00 | enter | u=uknim | action=save | work_ID= | hasTitle=0 | hasContent=0
2025-10-01T15:57:37+08:00 | foundToday=#1 st=3
2025-10-01T15:57:39+08:00 | enter | u=uknim | action=save | work_ID= | hasTitle=0 | hasContent=0
2025-10-01T15:57:39+08:00 | foundToday=#1 st=3
2025-10-01T15:57:39+08:00 | enter | u=uknim | action=save | work_ID= | hasTitle=0 | hasContent=0
2025-10-01T15:57:39+08:00 | foundToday=#1 st=3
2025-10-01T15:57:39+08:00 | enter | u=uknim | action=save | work_ID= | hasTitle=0 | hasContent=0
2025-10-01T15:57:39+08:00 | foundToday=#1 st=3
2025-10-01T15:57:39+08:00 | enter | u=uknim | action=save | work_ID= | hasTitle=0 | hasContent=0
2025-10-01T15:57:39+08:00 | foundToday=#1 st=3
2025-10-01T15:58:26+08:00 | enter | u=110534231 | action=submit | work_ID= | hasTitle=1 | hasContent=1
2025-10-01T15:58:26+08:00 | foundToday=none
