2025-10-15T03:22:20+08:00 | enter | u=uknim | action=save | work_ID= | hasTitle=0 | hasContent=0
2025-10-15T03:22:20+08:00 | foundToday=none
2025-10-15T03:27:45+08:00 | enter | u=uknim | action=save | work_ID= | hasTitle=0 | hasContent=0
2025-10-15T03:27:45+08:00 | foundToday=#5 st=1
2025-10-15T14:16:19+08:00 | enter | u=uknim | action=save | work_ID= | hasTitle=0 | hasContent=0
2025-10-15T14:16:19+08:00 | foundToday=none
2025-10-15T15:09:37+08:00 | enter | u=uknim | action=save | work_ID= | hasTitle=0 | hasContent=0
2025-10-15T15:09:37+08:00 | foundToday=#5 st=1
2025-10-15T15:10:05+08:00 | enter | u=uknim | action=save | work_ID= | hasTitle=0 | hasContent=0
2025-10-15T15:10:05+08:00 | foundToday=#5 st=1
2025-10-15T15:10:05+08:00 | enter | u=uknim | action=save | work_ID= | hasTitle=0 | hasContent=0
2025-10-15T15:10:05+08:00 | foundToday=#5 st=1
2025-10-15T15:10:15+08:00 | enter | u=uknim | action=save | work_ID= | hasTitle=0 | hasContent=0
2025-10-15T15:10:15+08:00 | foundToday=#5 st=1
2025-10-15T15:10:15+08:00 | enter | u=uknim | action=save | work_ID= | hasTitle=0 | hasContent=0
2025-10-15T15:10:15+08:00 | foundToday=#5 st=1
2025-10-15T15:10:15+08:00 | enter | u=uknim | action=save | work_ID= | hasTitle=0 | hasContent=0
2025-10-15T15:10:15+08:00 | foundToday=#5 st=1
2025-10-15T15:10:15+08:00 | enter | u=uknim | action=save | work_ID= | hasTitle=0 | hasContent=0
2025-10-15T15:10:15+08:00 | foundToday=#5 st=1
